<?xml version="1.0" encoding="UTF-8"?>
<testsuite name="br.rj.b2w.starwars.planetapi.dto.PlanetRequestDTOTests" tests="1" skipped="0" failures="0" errors="0" timestamp="2019-06-27T20:05:38" hostname="suportelocal-Inspiron-5457" time="0.591">
  <properties/>
  <testcase name="convertToEntity_shouldReturnEquals" classname="br.rj.b2w.starwars.planetapi.dto.PlanetRequestDTOTests" time="0.591"/>
  <system-out><![CDATA[17:05:33.627 [Test worker] DEBUG org.springframework.test.context.junit4.SpringJUnit4ClassRunner - SpringJUnit4ClassRunner constructor called with [class br.rj.b2w.starwars.planetapi.dto.PlanetRequestDTOTests]
17:05:33.648 [Test worker] DEBUG org.springframework.test.context.BootstrapUtils - Instantiating CacheAwareContextLoaderDelegate from class [org.springframework.test.context.cache.DefaultCacheAwareContextLoaderDelegate]
17:05:33.679 [Test worker] DEBUG org.springframework.test.context.BootstrapUtils - Instantiating BootstrapContext using constructor [public org.springframework.test.context.support.DefaultBootstrapContext(java.lang.Class,org.springframework.test.context.CacheAwareContextLoaderDelegate)]
17:05:33.762 [Test worker] DEBUG org.springframework.test.context.BootstrapUtils - Instantiating TestContextBootstrapper for test class [br.rj.b2w.starwars.planetapi.dto.PlanetRequestDTOTests] from class [org.springframework.boot.test.autoconfigure.web.servlet.WebMvcTestContextBootstrapper]
17:05:33.801 [Test worker] INFO org.springframework.boot.test.autoconfigure.web.servlet.WebMvcTestContextBootstrapper - Neither @ContextConfiguration nor @ContextHierarchy found for test class [br.rj.b2w.starwars.planetapi.dto.PlanetRequestDTOTests], using SpringBootContextLoader
17:05:33.811 [Test worker] DEBUG org.springframework.test.context.support.AbstractContextLoader - Did not detect default resource location for test class [br.rj.b2w.starwars.planetapi.dto.PlanetRequestDTOTests]: class path resource [br/rj/b2w/starwars/planetapi/dto/PlanetRequestDTOTests-context.xml] does not exist
17:05:33.813 [Test worker] DEBUG org.springframework.test.context.support.AbstractContextLoader - Did not detect default resource location for test class [br.rj.b2w.starwars.planetapi.dto.PlanetRequestDTOTests]: class path resource [br/rj/b2w/starwars/planetapi/dto/PlanetRequestDTOTestsContext.groovy] does not exist
17:05:33.814 [Test worker] INFO org.springframework.test.context.support.AbstractContextLoader - Could not detect default resource locations for test class [br.rj.b2w.starwars.planetapi.dto.PlanetRequestDTOTests]: no resource found for suffixes {-context.xml, Context.groovy}.
17:05:33.816 [Test worker] INFO org.springframework.test.context.support.AnnotationConfigContextLoaderUtils - Could not detect default configuration classes for test class [br.rj.b2w.starwars.planetapi.dto.PlanetRequestDTOTests]: PlanetRequestDTOTests does not declare any static, non-private, non-final, nested classes annotated with @Configuration.
17:05:33.958 [Test worker] DEBUG org.springframework.test.context.support.ActiveProfilesUtils - Could not find an 'annotation declaring class' for annotation type [org.springframework.test.context.ActiveProfiles] and class [br.rj.b2w.starwars.planetapi.dto.PlanetRequestDTOTests]
17:05:34.125 [Test worker] DEBUG org.springframework.context.annotation.ClassPathScanningCandidateComponentProvider - Identified candidate component class: file [/home/xiao.kong/Documentos/workspace/planet-api/build/classes/java/main/br/rj/b2w/starwars/planetapi/PlanetServiceApplication.class]
17:05:34.127 [Test worker] INFO org.springframework.boot.test.context.SpringBootTestContextBootstrapper - Found @SpringBootConfiguration br.rj.b2w.starwars.planetapi.PlanetServiceApplication for test class br.rj.b2w.starwars.planetapi.dto.PlanetRequestDTOTests
17:05:34.131 [Test worker] DEBUG org.springframework.boot.test.autoconfigure.web.servlet.WebMvcTestContextBootstrapper - @TestExecutionListeners is not present for class [br.rj.b2w.starwars.planetapi.dto.PlanetRequestDTOTests]: using defaults.
17:05:34.132 [Test worker] INFO org.springframework.boot.test.autoconfigure.web.servlet.WebMvcTestContextBootstrapper - Loaded default TestExecutionListener class names from location [META-INF/spring.factories]: [org.springframework.boot.test.autoconfigure.restdocs.RestDocsTestExecutionListener, org.springframework.boot.test.autoconfigure.web.client.MockRestServiceServerResetTestExecutionListener, org.springframework.boot.test.autoconfigure.web.servlet.MockMvcPrintOnlyOnFailureTestExecutionListener, org.springframework.boot.test.autoconfigure.web.servlet.WebDriverTestExecutionListener, org.springframework.boot.test.mock.mockito.MockitoTestExecutionListener, org.springframework.boot.test.mock.mockito.ResetMocksTestExecutionListener, org.springframework.test.context.web.ServletTestExecutionListener, org.springframework.test.context.support.DirtiesContextBeforeModesTestExecutionListener, org.springframework.test.context.support.DependencyInjectionTestExecutionListener, org.springframework.test.context.support.DirtiesContextTestExecutionListener, org.springframework.test.context.transaction.TransactionalTestExecutionListener, org.springframework.test.context.jdbc.SqlScriptsTestExecutionListener]
17:05:34.177 [Test worker] INFO org.springframework.boot.test.autoconfigure.web.servlet.WebMvcTestContextBootstrapper - Using TestExecutionListeners: [org.springframework.test.context.web.ServletTestExecutionListener@2f859b5a, org.springframework.test.context.support.DirtiesContextBeforeModesTestExecutionListener@558c17b8, org.springframework.boot.test.mock.mockito.MockitoTestExecutionListener@6a9221b4, org.springframework.boot.test.autoconfigure.SpringBootDependencyInjectionTestExecutionListener@3321949f, org.springframework.test.context.support.DirtiesContextTestExecutionListener@307d96ea, org.springframework.test.context.transaction.TransactionalTestExecutionListener@5f9668a, org.springframework.test.context.jdbc.SqlScriptsTestExecutionListener@7e1d7800, org.springframework.boot.test.autoconfigure.restdocs.RestDocsTestExecutionListener@41279e30, org.springframework.boot.test.autoconfigure.web.client.MockRestServiceServerResetTestExecutionListener@1db18a38, org.springframework.boot.test.autoconfigure.web.servlet.MockMvcPrintOnlyOnFailureTestExecutionListener@53b26232, org.springframework.boot.test.autoconfigure.web.servlet.WebDriverTestExecutionListener@46facd3c, org.springframework.boot.test.mock.mockito.ResetMocksTestExecutionListener@3bd11dcd]
17:05:34.182 [Test worker] DEBUG org.springframework.test.annotation.ProfileValueUtils - Retrieved @ProfileValueSourceConfiguration [null] for test class [br.rj.b2w.starwars.planetapi.dto.PlanetRequestDTOTests]
17:05:34.185 [Test worker] DEBUG org.springframework.test.annotation.ProfileValueUtils - Retrieved ProfileValueSource type [class org.springframework.test.annotation.SystemProfileValueSource] for class [br.rj.b2w.starwars.planetapi.dto.PlanetRequestDTOTests]
17:05:34.187 [Test worker] DEBUG org.springframework.test.annotation.ProfileValueUtils - Retrieved @ProfileValueSourceConfiguration [null] for test class [br.rj.b2w.starwars.planetapi.dto.PlanetRequestDTOTests]
17:05:34.187 [Test worker] DEBUG org.springframework.test.annotation.ProfileValueUtils - Retrieved ProfileValueSource type [class org.springframework.test.annotation.SystemProfileValueSource] for class [br.rj.b2w.starwars.planetapi.dto.PlanetRequestDTOTests]
17:05:34.198 [Test worker] DEBUG org.springframework.test.context.support.AbstractDirtiesContextTestExecutionListener - Before test class: context [DefaultTestContext@8b03738 testClass = PlanetRequestDTOTests, testInstance = [null], testMethod = [null], testException = [null], mergedContextConfiguration = [WebMergedContextConfiguration@27732c7e testClass = PlanetRequestDTOTests, locations = '{}', classes = '{class br.rj.b2w.starwars.planetapi.PlanetServiceApplication}', contextInitializerClasses = '[]', activeProfiles = '{}', propertySourceLocations = '{}', propertySourceProperties = '{org.springframework.boot.test.autoconfigure.web.servlet.WebMvcTestContextBootstrapper=true}', contextCustomizers = set[org.springframework.boot.test.autoconfigure.OverrideAutoConfigurationContextCustomizerFactory$DisableAutoConfigurationContextCustomizer@11d60ff2, org.springframework.boot.test.autoconfigure.filter.TypeExcludeFiltersContextCustomizer@2ddee4d3, org.springframework.boot.test.autoconfigure.properties.PropertyMappingContextCustomizer@a1c45479, org.springframework.boot.test.autoconfigure.web.servlet.WebDriverContextCustomizerFactory$Customizer@24264f7e, [ImportsContextCustomizer@4b9cb384 key = [org.springframework.boot.autoconfigure.cache.CacheAutoConfiguration, org.springframework.boot.autoconfigure.context.MessageSourceAutoConfiguration, org.springframework.boot.autoconfigure.data.web.SpringDataWebAutoConfiguration, org.springframework.boot.autoconfigure.freemarker.FreeMarkerAutoConfiguration, org.springframework.boot.autoconfigure.groovy.template.GroovyTemplateAutoConfiguration, org.springframework.boot.autoconfigure.gson.GsonAutoConfiguration, org.springframework.boot.autoconfigure.hateoas.HypermediaAutoConfiguration, org.springframework.boot.autoconfigure.http.HttpMessageConvertersAutoConfiguration, org.springframework.boot.autoconfigure.jackson.JacksonAutoConfiguration, org.springframework.boot.autoconfigure.jsonb.JsonbAutoConfiguration, org.springframework.boot.autoconfigure.mustache.MustacheAutoConfiguration, org.springframework.boot.autoconfigure.task.TaskExecutionAutoConfiguration, org.springframework.boot.autoconfigure.thymeleaf.ThymeleafAutoConfiguration, org.springframework.boot.autoconfigure.validation.ValidationAutoConfiguration, org.springframework.boot.autoconfigure.web.servlet.error.ErrorMvcAutoConfiguration, org.springframework.boot.autoconfigure.web.servlet.WebMvcAutoConfiguration, org.springframework.boot.test.autoconfigure.web.servlet.MockMvcAutoConfiguration, org.springframework.boot.test.autoconfigure.web.servlet.MockMvcSecurityAutoConfiguration, org.springframework.boot.test.autoconfigure.web.servlet.MockMvcWebClientAutoConfiguration, org.springframework.boot.test.autoconfigure.web.servlet.MockMvcWebDriverAutoConfiguration]], org.springframework.boot.test.context.filter.ExcludeFilterContextCustomizer@5e6be498, org.springframework.boot.test.json.DuplicateJsonObjectContextCustomizerFactory$DuplicateJsonObjectContextCustomizer@5c1e0590, org.springframework.boot.test.mock.mockito.MockitoContextCustomizer@0], resourceBasePath = '', contextLoader = 'org.springframework.boot.test.context.SpringBootContextLoader', parent = [null]], attributes = map[[empty]]], class annotated with @DirtiesContext [false] with mode [null].
17:05:34.200 [Test worker] DEBUG org.springframework.test.annotation.ProfileValueUtils - Retrieved @ProfileValueSourceConfiguration [null] for test class [br.rj.b2w.starwars.planetapi.dto.PlanetRequestDTOTests]
17:05:34.200 [Test worker] DEBUG org.springframework.test.annotation.ProfileValueUtils - Retrieved ProfileValueSource type [class org.springframework.test.annotation.SystemProfileValueSource] for class [br.rj.b2w.starwars.planetapi.dto.PlanetRequestDTOTests]
17:05:34.211 [Test worker] DEBUG org.springframework.test.context.support.DependencyInjectionTestExecutionListener - Performing dependency injection for test context [[DefaultTestContext@8b03738 testClass = PlanetRequestDTOTests, testInstance = br.rj.b2w.starwars.planetapi.dto.PlanetRequestDTOTests@455b1c7b, testMethod = [null], testException = [null], mergedContextConfiguration = [WebMergedContextConfiguration@27732c7e testClass = PlanetRequestDTOTests, locations = '{}', classes = '{class br.rj.b2w.starwars.planetapi.PlanetServiceApplication}', contextInitializerClasses = '[]', activeProfiles = '{}', propertySourceLocations = '{}', propertySourceProperties = '{org.springframework.boot.test.autoconfigure.web.servlet.WebMvcTestContextBootstrapper=true}', contextCustomizers = set[org.springframework.boot.test.autoconfigure.OverrideAutoConfigurationContextCustomizerFactory$DisableAutoConfigurationContextCustomizer@11d60ff2, org.springframework.boot.test.autoconfigure.filter.TypeExcludeFiltersContextCustomizer@2ddee4d3, org.springframework.boot.test.autoconfigure.properties.PropertyMappingContextCustomizer@a1c45479, org.springframework.boot.test.autoconfigure.web.servlet.WebDriverContextCustomizerFactory$Customizer@24264f7e, [ImportsContextCustomizer@4b9cb384 key = [org.springframework.boot.autoconfigure.cache.CacheAutoConfiguration, org.springframework.boot.autoconfigure.context.MessageSourceAutoConfiguration, org.springframework.boot.autoconfigure.data.web.SpringDataWebAutoConfiguration, org.springframework.boot.autoconfigure.freemarker.FreeMarkerAutoConfiguration, org.springframework.boot.autoconfigure.groovy.template.GroovyTemplateAutoConfiguration, org.springframework.boot.autoconfigure.gson.GsonAutoConfiguration, org.springframework.boot.autoconfigure.hateoas.HypermediaAutoConfiguration, org.springframework.boot.autoconfigure.http.HttpMessageConvertersAutoConfiguration, org.springframework.boot.autoconfigure.jackson.JacksonAutoConfiguration, org.springframework.boot.autoconfigure.jsonb.JsonbAutoConfiguration, org.springframework.boot.autoconfigure.mustache.MustacheAutoConfiguration, org.springframework.boot.autoconfigure.task.TaskExecutionAutoConfiguration, org.springframework.boot.autoconfigure.thymeleaf.ThymeleafAutoConfiguration, org.springframework.boot.autoconfigure.validation.ValidationAutoConfiguration, org.springframework.boot.autoconfigure.web.servlet.error.ErrorMvcAutoConfiguration, org.springframework.boot.autoconfigure.web.servlet.WebMvcAutoConfiguration, org.springframework.boot.test.autoconfigure.web.servlet.MockMvcAutoConfiguration, org.springframework.boot.test.autoconfigure.web.servlet.MockMvcSecurityAutoConfiguration, org.springframework.boot.test.autoconfigure.web.servlet.MockMvcWebClientAutoConfiguration, org.springframework.boot.test.autoconfigure.web.servlet.MockMvcWebDriverAutoConfiguration]], org.springframework.boot.test.context.filter.ExcludeFilterContextCustomizer@5e6be498, org.springframework.boot.test.json.DuplicateJsonObjectContextCustomizerFactory$DuplicateJsonObjectContextCustomizer@5c1e0590, org.springframework.boot.test.mock.mockito.MockitoContextCustomizer@0], resourceBasePath = '', contextLoader = 'org.springframework.boot.test.context.SpringBootContextLoader', parent = [null]], attributes = map[[empty]]]].
17:05:34.539 [Test worker] DEBUG org.springframework.test.context.support.TestPropertySourceUtils - Adding inlined properties to environment: {spring.jmx.enabled=false, org.springframework.boot.test.autoconfigure.web.servlet.WebMvcTestContextBootstrapper=true, server.port=-1}

  .   ____          _            __ _ _
 /\\ / ___'_ __ _ _(_)_ __  __ _ \ \ \ \
( ( )\___ | '_ | '_| | '_ \/ _` | \ \ \ \
 \\/  ___)| |_)| | | | | || (_| |  ) ) ) )
  '  |____| .__|_| |_|_| |_\__, | / / / /
 =========|_|==============|___/=/_/_/_/
 :: Spring Boot ::        (v2.1.4.RELEASE)

2019-06-27 17:05:35.525  INFO 22976 --- [    Test worker] b.r.b.s.p.dto.PlanetRequestDTOTests      : Starting PlanetRequestDTOTests on suportelocal-Inspiron-5457 with PID 22976 (started by xiao.kong in /home/xiao.kong/Documentos/workspace/planet-api)
2019-06-27 17:05:35.529  INFO 22976 --- [    Test worker] b.r.b.s.p.dto.PlanetRequestDTOTests      : No active profile set, falling back to default profiles: default
2019-06-27 17:05:38.006  INFO 22976 --- [    Test worker] o.s.s.concurrent.ThreadPoolTaskExecutor  : Initializing ExecutorService 'applicationTaskExecutor'
2019-06-27 17:05:38.121  INFO 22976 --- [    Test worker] b.r.b.s.planetapi.config.WebConfig       : --- Adding Global CORS Configuration
2019-06-27 17:05:38.173  INFO 22976 --- [    Test worker] b.r.b.s.planetapi.config.WebConfig       : --- Adding Redirect Servlet
2019-06-27 17:05:38.364  INFO 22976 --- [    Test worker] o.s.b.t.m.w.SpringBootMockServletContext : Initializing Spring TestDispatcherServlet ''
2019-06-27 17:05:38.366  INFO 22976 --- [    Test worker] o.s.t.web.servlet.TestDispatcherServlet  : Initializing Servlet ''
2019-06-27 17:05:38.385  INFO 22976 --- [    Test worker] o.s.t.web.servlet.TestDispatcherServlet  : Completed initialization in 19 ms
2019-06-27 17:05:38.440  INFO 22976 --- [    Test worker] b.r.b.s.p.dto.PlanetRequestDTOTests      : Started PlanetRequestDTOTests in 3.871 seconds (JVM running for 6.361)
]]></system-out>
  <system-err><![CDATA[]]></system-err>
</testsuite>
